

Started GET "/admin" for ::1 at 2015-04-19 01:31:38 +0900

Mysql2::Error - Can't connect to local MySQL server through socket '/var/lib/mysql/mysql.sock' (2):
  mysql2 (0.3.18) lib/mysql2/client.rb:70:in `initialize'
  activerecord (4.2.1) lib/active_record/connection_adapters/mysql2_adapter.rb:18:in `mysql2_connection'
  activerecord (4.2.1) lib/active_record/connection_adapters/abstract/connection_pool.rb:438:in `new_connection'
  activerecord (4.2.1) lib/active_record/connection_adapters/abstract/connection_pool.rb:448:in `checkout_new_connection'
  activerecord (4.2.1) lib/active_record/connection_adapters/abstract/connection_pool.rb:422:in `acquire_connection'
  activerecord (4.2.1) lib/active_record/connection_adapters/abstract/connection_pool.rb:349:in `block in checkout'
  /Users/shn/.anyenv/envs/rbenv/versions/2.2.1/lib/ruby/2.2.0/monitor.rb:211:in `mon_synchronize'
  activerecord (4.2.1) lib/active_record/connection_adapters/abstract/connection_pool.rb:348:in `checkout'
  activerecord (4.2.1) lib/active_record/connection_adapters/abstract/connection_pool.rb:263:in `block in connection'
  /Users/shn/.anyenv/envs/rbenv/versions/2.2.1/lib/ruby/2.2.0/monitor.rb:211:in `mon_synchronize'
  activerecord (4.2.1) lib/active_record/connection_adapters/abstract/connection_pool.rb:262:in `connection'
  activerecord (4.2.1) lib/active_record/connection_adapters/abstract/connection_pool.rb:567:in `retrieve_connection'
  activerecord (4.2.1) lib/active_record/connection_handling.rb:113:in `retrieve_connection'
  activerecord (4.2.1) lib/active_record/connection_handling.rb:87:in `connection'
  activerecord (4.2.1) lib/active_record/migration.rb:384:in `connection'
  activerecord (4.2.1) lib/active_record/migration.rb:371:in `call'
  actionpack (4.2.1) lib/action_dispatch/middleware/callbacks.rb:29:in `block in call'
  activesupport (4.2.1) lib/active_support/callbacks.rb:88:in `_run_callbacks'
  activesupport (4.2.1) lib/active_support/callbacks.rb:776:in `_run_call_callbacks'
  activesupport (4.2.1) lib/active_support/callbacks.rb:81:in `run_callbacks'
  actionpack (4.2.1) lib/action_dispatch/middleware/callbacks.rb:27:in `call'
  actionpack (4.2.1) lib/action_dispatch/middleware/reloader.rb:73:in `call'
  actionpack (4.2.1) lib/action_dispatch/middleware/remote_ip.rb:78:in `call'
  better_errors (2.1.1) lib/better_errors/middleware.rb:84:in `protected_app_call'
  better_errors (2.1.1) lib/better_errors/middleware.rb:79:in `better_errors_call'
  better_errors (2.1.1) lib/better_errors/middleware.rb:57:in `call'
  actionpack (4.2.1) lib/action_dispatch/middleware/debug_exceptions.rb:17:in `call'
  web-console (2.1.2) lib/web_console/middleware.rb:37:in `call'
  actionpack (4.2.1) lib/action_dispatch/middleware/show_exceptions.rb:30:in `call'
  railties (4.2.1) lib/rails/rack/logger.rb:38:in `call_app'
  railties (4.2.1) lib/rails/rack/logger.rb:20:in `block in call'
  activesupport (4.2.1) lib/active_support/tagged_logging.rb:68:in `block in tagged'
  activesupport (4.2.1) lib/active_support/tagged_logging.rb:26:in `tagged'
  activesupport (4.2.1) lib/active_support/tagged_logging.rb:68:in `tagged'
  railties (4.2.1) lib/rails/rack/logger.rb:20:in `call'
  actionpack (4.2.1) lib/action_dispatch/middleware/request_id.rb:21:in `call'
  rack (1.6.0) lib/rack/methodoverride.rb:22:in `call'
  rack (1.6.0) lib/rack/runtime.rb:18:in `call'
  activesupport (4.2.1) lib/active_support/cache/strategy/local_cache_middleware.rb:28:in `call'
  rack (1.6.0) lib/rack/lock.rb:17:in `call'
  actionpack (4.2.1) lib/action_dispatch/middleware/static.rb:113:in `call'
  rack (1.6.0) lib/rack/sendfile.rb:113:in `call'
  railties (4.2.1) lib/rails/engine.rb:518:in `call'
  railties (4.2.1) lib/rails/application.rb:164:in `call'
  rack (1.6.0) lib/rack/lock.rb:17:in `call'
  rack (1.6.0) lib/rack/content_length.rb:15:in `call'
  rack (1.6.0) lib/rack/handler/webrick.rb:89:in `service'
  /Users/shn/.anyenv/envs/rbenv/versions/2.2.1/lib/ruby/2.2.0/webrick/httpserver.rb:138:in `service'
  /Users/shn/.anyenv/envs/rbenv/versions/2.2.1/lib/ruby/2.2.0/webrick/httpserver.rb:94:in `run'
  /Users/shn/.anyenv/envs/rbenv/versions/2.2.1/lib/ruby/2.2.0/webrick/server.rb:294:in `block in start_thread'



Started POST "/__better_errors/56808b2a2c6d9a63/variables" for ::1 at 2015-04-19 01:31:39 +0900


Started GET "/mining/text" for ::1 at 2015-04-19 01:31:44 +0900

Mysql2::Error - Can't connect to local MySQL server through socket '/var/lib/mysql/mysql.sock' (2):
  mysql2 (0.3.18) lib/mysql2/client.rb:70:in `initialize'
  activerecord (4.2.1) lib/active_record/connection_adapters/mysql2_adapter.rb:18:in `mysql2_connection'
  activerecord (4.2.1) lib/active_record/connection_adapters/abstract/connection_pool.rb:438:in `new_connection'
  activerecord (4.2.1) lib/active_record/connection_adapters/abstract/connection_pool.rb:448:in `checkout_new_connection'
  activerecord (4.2.1) lib/active_record/connection_adapters/abstract/connection_pool.rb:422:in `acquire_connection'
  activerecord (4.2.1) lib/active_record/connection_adapters/abstract/connection_pool.rb:349:in `block in checkout'
  /Users/shn/.anyenv/envs/rbenv/versions/2.2.1/lib/ruby/2.2.0/monitor.rb:211:in `mon_synchronize'
  activerecord (4.2.1) lib/active_record/connection_adapters/abstract/connection_pool.rb:348:in `checkout'
  activerecord (4.2.1) lib/active_record/connection_adapters/abstract/connection_pool.rb:263:in `block in connection'
  /Users/shn/.anyenv/envs/rbenv/versions/2.2.1/lib/ruby/2.2.0/monitor.rb:211:in `mon_synchronize'
  activerecord (4.2.1) lib/active_record/connection_adapters/abstract/connection_pool.rb:262:in `connection'
  activerecord (4.2.1) lib/active_record/connection_adapters/abstract/connection_pool.rb:567:in `retrieve_connection'
  activerecord (4.2.1) lib/active_record/connection_handling.rb:113:in `retrieve_connection'
  activerecord (4.2.1) lib/active_record/connection_handling.rb:87:in `connection'
  activerecord (4.2.1) lib/active_record/migration.rb:384:in `connection'
  activerecord (4.2.1) lib/active_record/migration.rb:371:in `call'
  actionpack (4.2.1) lib/action_dispatch/middleware/callbacks.rb:29:in `block in call'
  activesupport (4.2.1) lib/active_support/callbacks.rb:88:in `_run_callbacks'
  activesupport (4.2.1) lib/active_support/callbacks.rb:776:in `_run_call_callbacks'
  activesupport (4.2.1) lib/active_support/callbacks.rb:81:in `run_callbacks'
  actionpack (4.2.1) lib/action_dispatch/middleware/callbacks.rb:27:in `call'
  actionpack (4.2.1) lib/action_dispatch/middleware/reloader.rb:73:in `call'
  actionpack (4.2.1) lib/action_dispatch/middleware/remote_ip.rb:78:in `call'
  better_errors (2.1.1) lib/better_errors/middleware.rb:84:in `protected_app_call'
  better_errors (2.1.1) lib/better_errors/middleware.rb:79:in `better_errors_call'
  better_errors (2.1.1) lib/better_errors/middleware.rb:57:in `call'
  actionpack (4.2.1) lib/action_dispatch/middleware/debug_exceptions.rb:17:in `call'
  web-console (2.1.2) lib/web_console/middleware.rb:37:in `call'
  actionpack (4.2.1) lib/action_dispatch/middleware/show_exceptions.rb:30:in `call'
  railties (4.2.1) lib/rails/rack/logger.rb:38:in `call_app'
  railties (4.2.1) lib/rails/rack/logger.rb:20:in `block in call'
  activesupport (4.2.1) lib/active_support/tagged_logging.rb:68:in `block in tagged'
  activesupport (4.2.1) lib/active_support/tagged_logging.rb:26:in `tagged'
  activesupport (4.2.1) lib/active_support/tagged_logging.rb:68:in `tagged'
  railties (4.2.1) lib/rails/rack/logger.rb:20:in `call'
  actionpack (4.2.1) lib/action_dispatch/middleware/request_id.rb:21:in `call'
  rack (1.6.0) lib/rack/methodoverride.rb:22:in `call'
  rack (1.6.0) lib/rack/runtime.rb:18:in `call'
  activesupport (4.2.1) lib/active_support/cache/strategy/local_cache_middleware.rb:28:in `call'
  rack (1.6.0) lib/rack/lock.rb:17:in `call'
  actionpack (4.2.1) lib/action_dispatch/middleware/static.rb:113:in `call'
  rack (1.6.0) lib/rack/sendfile.rb:113:in `call'
  railties (4.2.1) lib/rails/engine.rb:518:in `call'
  railties (4.2.1) lib/rails/application.rb:164:in `call'
  rack (1.6.0) lib/rack/lock.rb:17:in `call'
  rack (1.6.0) lib/rack/content_length.rb:15:in `call'
  rack (1.6.0) lib/rack/handler/webrick.rb:89:in `service'
  /Users/shn/.anyenv/envs/rbenv/versions/2.2.1/lib/ruby/2.2.0/webrick/httpserver.rb:138:in `service'
  /Users/shn/.anyenv/envs/rbenv/versions/2.2.1/lib/ruby/2.2.0/webrick/httpserver.rb:94:in `run'
  /Users/shn/.anyenv/envs/rbenv/versions/2.2.1/lib/ruby/2.2.0/webrick/server.rb:294:in `block in start_thread'



Started POST "/__better_errors/933373d1ddf7d2df/variables" for ::1 at 2015-04-19 01:31:44 +0900


Started GET "/" for 127.0.0.1 at 2015-04-25 10:44:32 +0900

Mysql2::Error - Can't connect to local MySQL server through socket '/var/lib/mysql/mysql.sock' (2):
  mysql2 (0.3.18) lib/mysql2/client.rb:70:in `initialize'
  activerecord (4.2.1) lib/active_record/connection_adapters/mysql2_adapter.rb:18:in `mysql2_connection'
  activerecord (4.2.1) lib/active_record/connection_adapters/abstract/connection_pool.rb:438:in `new_connection'
  activerecord (4.2.1) lib/active_record/connection_adapters/abstract/connection_pool.rb:448:in `checkout_new_connection'
  activerecord (4.2.1) lib/active_record/connection_adapters/abstract/connection_pool.rb:422:in `acquire_connection'
  activerecord (4.2.1) lib/active_record/connection_adapters/abstract/connection_pool.rb:349:in `block in checkout'
  /Users/shn/.anyenv/envs/rbenv/versions/2.2.1/lib/ruby/2.2.0/monitor.rb:211:in `mon_synchronize'
  activerecord (4.2.1) lib/active_record/connection_adapters/abstract/connection_pool.rb:348:in `checkout'
  activerecord (4.2.1) lib/active_record/connection_adapters/abstract/connection_pool.rb:263:in `block in connection'
  /Users/shn/.anyenv/envs/rbenv/versions/2.2.1/lib/ruby/2.2.0/monitor.rb:211:in `mon_synchronize'
  activerecord (4.2.1) lib/active_record/connection_adapters/abstract/connection_pool.rb:262:in `connection'
  activerecord (4.2.1) lib/active_record/connection_adapters/abstract/connection_pool.rb:567:in `retrieve_connection'
  activerecord (4.2.1) lib/active_record/connection_handling.rb:113:in `retrieve_connection'
  activerecord (4.2.1) lib/active_record/connection_handling.rb:87:in `connection'
  activerecord (4.2.1) lib/active_record/migration.rb:384:in `connection'
  activerecord (4.2.1) lib/active_record/migration.rb:371:in `call'
  actionpack (4.2.1) lib/action_dispatch/middleware/callbacks.rb:29:in `block in call'
  activesupport (4.2.1) lib/active_support/callbacks.rb:88:in `_run_callbacks'
  activesupport (4.2.1) lib/active_support/callbacks.rb:776:in `_run_call_callbacks'
  activesupport (4.2.1) lib/active_support/callbacks.rb:81:in `run_callbacks'
  actionpack (4.2.1) lib/action_dispatch/middleware/callbacks.rb:27:in `call'
  actionpack (4.2.1) lib/action_dispatch/middleware/reloader.rb:73:in `call'
  actionpack (4.2.1) lib/action_dispatch/middleware/remote_ip.rb:78:in `call'
  better_errors (2.1.1) lib/better_errors/middleware.rb:84:in `protected_app_call'
  better_errors (2.1.1) lib/better_errors/middleware.rb:79:in `better_errors_call'
  better_errors (2.1.1) lib/better_errors/middleware.rb:57:in `call'
  actionpack (4.2.1) lib/action_dispatch/middleware/debug_exceptions.rb:17:in `call'
  web-console (2.1.2) lib/web_console/middleware.rb:37:in `call'
  actionpack (4.2.1) lib/action_dispatch/middleware/show_exceptions.rb:30:in `call'
  railties (4.2.1) lib/rails/rack/logger.rb:38:in `call_app'
  railties (4.2.1) lib/rails/rack/logger.rb:20:in `block in call'
  activesupport (4.2.1) lib/active_support/tagged_logging.rb:68:in `block in tagged'
  activesupport (4.2.1) lib/active_support/tagged_logging.rb:26:in `tagged'
  activesupport (4.2.1) lib/active_support/tagged_logging.rb:68:in `tagged'
  railties (4.2.1) lib/rails/rack/logger.rb:20:in `call'
  actionpack (4.2.1) lib/action_dispatch/middleware/request_id.rb:21:in `call'
  rack (1.6.0) lib/rack/methodoverride.rb:22:in `call'
  rack (1.6.0) lib/rack/runtime.rb:18:in `call'
  activesupport (4.2.1) lib/active_support/cache/strategy/local_cache_middleware.rb:28:in `call'
  rack (1.6.0) lib/rack/lock.rb:17:in `call'
  actionpack (4.2.1) lib/action_dispatch/middleware/static.rb:113:in `call'
  rack (1.6.0) lib/rack/sendfile.rb:113:in `call'
  railties (4.2.1) lib/rails/engine.rb:518:in `call'
  railties (4.2.1) lib/rails/application.rb:164:in `call'
  /Users/shn/Library/Application Support/Pow/Versions/0.5.0/node_modules/nack/lib/nack/server.rb:155:in `handle'
  /Users/shn/Library/Application Support/Pow/Versions/0.5.0/node_modules/nack/lib/nack/server.rb:109:in `rescue in block (2 levels) in start'
  /Users/shn/Library/Application Support/Pow/Versions/0.5.0/node_modules/nack/lib/nack/server.rb:106:in `block (2 levels) in start'
  /Users/shn/Library/Application Support/Pow/Versions/0.5.0/node_modules/nack/lib/nack/server.rb:96:in `block in start'
  /Users/shn/Library/Application Support/Pow/Versions/0.5.0/node_modules/nack/lib/nack/server.rb:76:in `start'
  /Users/shn/Library/Application Support/Pow/Versions/0.5.0/node_modules/nack/lib/nack/server.rb:12:in `run'
  /Users/shn/Library/Application Support/Pow/Versions/0.5.0/node_modules/nack/bin/nack_worker:4:in `<main>'



Started POST "/__better_errors/e580c0d5b53f19b7/variables" for 127.0.0.1 at 2015-04-25 10:44:32 +0900


Started GET "/" for 127.0.0.1 at 2015-04-25 10:45:36 +0900

Mysql2::Error - Can't connect to local MySQL server through socket '/var/lib/mysql/mysql.sock' (2):
  mysql2 (0.3.18) lib/mysql2/client.rb:70:in `initialize'
  activerecord (4.2.1) lib/active_record/connection_adapters/mysql2_adapter.rb:18:in `mysql2_connection'
  activerecord (4.2.1) lib/active_record/connection_adapters/abstract/connection_pool.rb:438:in `new_connection'
  activerecord (4.2.1) lib/active_record/connection_adapters/abstract/connection_pool.rb:448:in `checkout_new_connection'
  activerecord (4.2.1) lib/active_record/connection_adapters/abstract/connection_pool.rb:422:in `acquire_connection'
  activerecord (4.2.1) lib/active_record/connection_adapters/abstract/connection_pool.rb:349:in `block in checkout'
  /Users/shn/.anyenv/envs/rbenv/versions/2.2.1/lib/ruby/2.2.0/monitor.rb:211:in `mon_synchronize'
  activerecord (4.2.1) lib/active_record/connection_adapters/abstract/connection_pool.rb:348:in `checkout'
  activerecord (4.2.1) lib/active_record/connection_adapters/abstract/connection_pool.rb:263:in `block in connection'
  /Users/shn/.anyenv/envs/rbenv/versions/2.2.1/lib/ruby/2.2.0/monitor.rb:211:in `mon_synchronize'
  activerecord (4.2.1) lib/active_record/connection_adapters/abstract/connection_pool.rb:262:in `connection'
  activerecord (4.2.1) lib/active_record/connection_adapters/abstract/connection_pool.rb:567:in `retrieve_connection'
  activerecord (4.2.1) lib/active_record/connection_handling.rb:113:in `retrieve_connection'
  activerecord (4.2.1) lib/active_record/connection_handling.rb:87:in `connection'
  activerecord (4.2.1) lib/active_record/migration.rb:384:in `connection'
  activerecord (4.2.1) lib/active_record/migration.rb:371:in `call'
  actionpack (4.2.1) lib/action_dispatch/middleware/callbacks.rb:29:in `block in call'
  activesupport (4.2.1) lib/active_support/callbacks.rb:88:in `_run_callbacks'
  activesupport (4.2.1) lib/active_support/callbacks.rb:776:in `_run_call_callbacks'
  activesupport (4.2.1) lib/active_support/callbacks.rb:81:in `run_callbacks'
  actionpack (4.2.1) lib/action_dispatch/middleware/callbacks.rb:27:in `call'
  actionpack (4.2.1) lib/action_dispatch/middleware/reloader.rb:73:in `call'
  actionpack (4.2.1) lib/action_dispatch/middleware/remote_ip.rb:78:in `call'
  better_errors (2.1.1) lib/better_errors/middleware.rb:84:in `protected_app_call'
  better_errors (2.1.1) lib/better_errors/middleware.rb:79:in `better_errors_call'
  better_errors (2.1.1) lib/better_errors/middleware.rb:57:in `call'
  actionpack (4.2.1) lib/action_dispatch/middleware/debug_exceptions.rb:17:in `call'
  web-console (2.1.2) lib/web_console/middleware.rb:37:in `call'
  actionpack (4.2.1) lib/action_dispatch/middleware/show_exceptions.rb:30:in `call'
  railties (4.2.1) lib/rails/rack/logger.rb:38:in `call_app'
  railties (4.2.1) lib/rails/rack/logger.rb:20:in `block in call'
  activesupport (4.2.1) lib/active_support/tagged_logging.rb:68:in `block in tagged'
  activesupport (4.2.1) lib/active_support/tagged_logging.rb:26:in `tagged'
  activesupport (4.2.1) lib/active_support/tagged_logging.rb:68:in `tagged'
  railties (4.2.1) lib/rails/rack/logger.rb:20:in `call'
  actionpack (4.2.1) lib/action_dispatch/middleware/request_id.rb:21:in `call'
  rack (1.6.0) lib/rack/methodoverride.rb:22:in `call'
  rack (1.6.0) lib/rack/runtime.rb:18:in `call'
  activesupport (4.2.1) lib/active_support/cache/strategy/local_cache_middleware.rb:28:in `call'
  rack (1.6.0) lib/rack/lock.rb:17:in `call'
  actionpack (4.2.1) lib/action_dispatch/middleware/static.rb:113:in `call'
  rack (1.6.0) lib/rack/sendfile.rb:113:in `call'
  railties (4.2.1) lib/rails/engine.rb:518:in `call'
  railties (4.2.1) lib/rails/application.rb:164:in `call'
  /Users/shn/Library/Application Support/Pow/Versions/0.5.0/node_modules/nack/lib/nack/server.rb:155:in `handle'
  /Users/shn/Library/Application Support/Pow/Versions/0.5.0/node_modules/nack/lib/nack/server.rb:109:in `rescue in block (2 levels) in start'
  /Users/shn/Library/Application Support/Pow/Versions/0.5.0/node_modules/nack/lib/nack/server.rb:106:in `block (2 levels) in start'
  /Users/shn/Library/Application Support/Pow/Versions/0.5.0/node_modules/nack/lib/nack/server.rb:96:in `block in start'
  /Users/shn/Library/Application Support/Pow/Versions/0.5.0/node_modules/nack/lib/nack/server.rb:76:in `start'
  /Users/shn/Library/Application Support/Pow/Versions/0.5.0/node_modules/nack/lib/nack/server.rb:12:in `run'
  /Users/shn/Library/Application Support/Pow/Versions/0.5.0/node_modules/nack/bin/nack_worker:4:in `<main>'



Started POST "/__better_errors/57b42e0e1aedac7d/variables" for 127.0.0.1 at 2015-04-25 10:45:36 +0900


Started GET "/admin" for ::1 at 2015-05-02 10:37:11 +0900

Mysql2::Error - Can't connect to local MySQL server through socket '/var/lib/mysql/mysql.sock' (2):
  mysql2 (0.3.18) lib/mysql2/client.rb:70:in `initialize'
  activerecord (4.2.1) lib/active_record/connection_adapters/mysql2_adapter.rb:18:in `mysql2_connection'
  activerecord (4.2.1) lib/active_record/connection_adapters/abstract/connection_pool.rb:438:in `new_connection'
  activerecord (4.2.1) lib/active_record/connection_adapters/abstract/connection_pool.rb:448:in `checkout_new_connection'
  activerecord (4.2.1) lib/active_record/connection_adapters/abstract/connection_pool.rb:422:in `acquire_connection'
  activerecord (4.2.1) lib/active_record/connection_adapters/abstract/connection_pool.rb:349:in `block in checkout'
  /Users/shn/.anyenv/envs/rbenv/versions/2.2.1/lib/ruby/2.2.0/monitor.rb:211:in `mon_synchronize'
  activerecord (4.2.1) lib/active_record/connection_adapters/abstract/connection_pool.rb:348:in `checkout'
  activerecord (4.2.1) lib/active_record/connection_adapters/abstract/connection_pool.rb:263:in `block in connection'
  /Users/shn/.anyenv/envs/rbenv/versions/2.2.1/lib/ruby/2.2.0/monitor.rb:211:in `mon_synchronize'
  activerecord (4.2.1) lib/active_record/connection_adapters/abstract/connection_pool.rb:262:in `connection'
  activerecord (4.2.1) lib/active_record/connection_adapters/abstract/connection_pool.rb:567:in `retrieve_connection'
  activerecord (4.2.1) lib/active_record/connection_handling.rb:113:in `retrieve_connection'
  activerecord (4.2.1) lib/active_record/connection_handling.rb:87:in `connection'
  activerecord (4.2.1) lib/active_record/migration.rb:384:in `connection'
  activerecord (4.2.1) lib/active_record/migration.rb:371:in `call'
  actionpack (4.2.1) lib/action_dispatch/middleware/callbacks.rb:29:in `block in call'
  activesupport (4.2.1) lib/active_support/callbacks.rb:88:in `_run_callbacks'
  activesupport (4.2.1) lib/active_support/callbacks.rb:776:in `_run_call_callbacks'
  activesupport (4.2.1) lib/active_support/callbacks.rb:81:in `run_callbacks'
  actionpack (4.2.1) lib/action_dispatch/middleware/callbacks.rb:27:in `call'
  actionpack (4.2.1) lib/action_dispatch/middleware/reloader.rb:73:in `call'
  actionpack (4.2.1) lib/action_dispatch/middleware/remote_ip.rb:78:in `call'
  better_errors (2.1.1) lib/better_errors/middleware.rb:84:in `protected_app_call'
  better_errors (2.1.1) lib/better_errors/middleware.rb:79:in `better_errors_call'
  better_errors (2.1.1) lib/better_errors/middleware.rb:57:in `call'
  actionpack (4.2.1) lib/action_dispatch/middleware/debug_exceptions.rb:17:in `call'
  web-console (2.1.2) lib/web_console/middleware.rb:37:in `call'
  actionpack (4.2.1) lib/action_dispatch/middleware/show_exceptions.rb:30:in `call'
  railties (4.2.1) lib/rails/rack/logger.rb:38:in `call_app'
  railties (4.2.1) lib/rails/rack/logger.rb:20:in `block in call'
  activesupport (4.2.1) lib/active_support/tagged_logging.rb:68:in `block in tagged'
  activesupport (4.2.1) lib/active_support/tagged_logging.rb:26:in `tagged'
  activesupport (4.2.1) lib/active_support/tagged_logging.rb:68:in `tagged'
  railties (4.2.1) lib/rails/rack/logger.rb:20:in `call'
  actionpack (4.2.1) lib/action_dispatch/middleware/request_id.rb:21:in `call'
  rack (1.6.0) lib/rack/methodoverride.rb:22:in `call'
  rack (1.6.0) lib/rack/runtime.rb:18:in `call'
  activesupport (4.2.1) lib/active_support/cache/strategy/local_cache_middleware.rb:28:in `call'
  rack (1.6.0) lib/rack/lock.rb:17:in `call'
  actionpack (4.2.1) lib/action_dispatch/middleware/static.rb:113:in `call'
  rack (1.6.0) lib/rack/sendfile.rb:113:in `call'
  railties (4.2.1) lib/rails/engine.rb:518:in `call'
  railties (4.2.1) lib/rails/application.rb:164:in `call'
  rack (1.6.0) lib/rack/lock.rb:17:in `call'
  rack (1.6.0) lib/rack/content_length.rb:15:in `call'
  rack (1.6.0) lib/rack/handler/webrick.rb:89:in `service'
  /Users/shn/.anyenv/envs/rbenv/versions/2.2.1/lib/ruby/2.2.0/webrick/httpserver.rb:138:in `service'
  /Users/shn/.anyenv/envs/rbenv/versions/2.2.1/lib/ruby/2.2.0/webrick/httpserver.rb:94:in `run'
  /Users/shn/.anyenv/envs/rbenv/versions/2.2.1/lib/ruby/2.2.0/webrick/server.rb:294:in `block in start_thread'



Started POST "/__better_errors/3d7b6cdf53c97588/variables" for ::1 at 2015-05-02 10:37:12 +0900


Started GET "/mining/text" for ::1 at 2015-05-02 10:37:16 +0900

Mysql2::Error - Can't connect to local MySQL server through socket '/var/lib/mysql/mysql.sock' (2):
  mysql2 (0.3.18) lib/mysql2/client.rb:70:in `initialize'
  activerecord (4.2.1) lib/active_record/connection_adapters/mysql2_adapter.rb:18:in `mysql2_connection'
  activerecord (4.2.1) lib/active_record/connection_adapters/abstract/connection_pool.rb:438:in `new_connection'
  activerecord (4.2.1) lib/active_record/connection_adapters/abstract/connection_pool.rb:448:in `checkout_new_connection'
  activerecord (4.2.1) lib/active_record/connection_adapters/abstract/connection_pool.rb:422:in `acquire_connection'
  activerecord (4.2.1) lib/active_record/connection_adapters/abstract/connection_pool.rb:349:in `block in checkout'
  /Users/shn/.anyenv/envs/rbenv/versions/2.2.1/lib/ruby/2.2.0/monitor.rb:211:in `mon_synchronize'
  activerecord (4.2.1) lib/active_record/connection_adapters/abstract/connection_pool.rb:348:in `checkout'
  activerecord (4.2.1) lib/active_record/connection_adapters/abstract/connection_pool.rb:263:in `block in connection'
  /Users/shn/.anyenv/envs/rbenv/versions/2.2.1/lib/ruby/2.2.0/monitor.rb:211:in `mon_synchronize'
  activerecord (4.2.1) lib/active_record/connection_adapters/abstract/connection_pool.rb:262:in `connection'
  activerecord (4.2.1) lib/active_record/connection_adapters/abstract/connection_pool.rb:567:in `retrieve_connection'
  activerecord (4.2.1) lib/active_record/connection_handling.rb:113:in `retrieve_connection'
  activerecord (4.2.1) lib/active_record/connection_handling.rb:87:in `connection'
  activerecord (4.2.1) lib/active_record/migration.rb:384:in `connection'
  activerecord (4.2.1) lib/active_record/migration.rb:371:in `call'
  actionpack (4.2.1) lib/action_dispatch/middleware/callbacks.rb:29:in `block in call'
  activesupport (4.2.1) lib/active_support/callbacks.rb:88:in `_run_callbacks'
  activesupport (4.2.1) lib/active_support/callbacks.rb:776:in `_run_call_callbacks'
  activesupport (4.2.1) lib/active_support/callbacks.rb:81:in `run_callbacks'
  actionpack (4.2.1) lib/action_dispatch/middleware/callbacks.rb:27:in `call'
  actionpack (4.2.1) lib/action_dispatch/middleware/reloader.rb:73:in `call'
  actionpack (4.2.1) lib/action_dispatch/middleware/remote_ip.rb:78:in `call'
  better_errors (2.1.1) lib/better_errors/middleware.rb:84:in `protected_app_call'
  better_errors (2.1.1) lib/better_errors/middleware.rb:79:in `better_errors_call'
  better_errors (2.1.1) lib/better_errors/middleware.rb:57:in `call'
  actionpack (4.2.1) lib/action_dispatch/middleware/debug_exceptions.rb:17:in `call'
  web-console (2.1.2) lib/web_console/middleware.rb:37:in `call'
  actionpack (4.2.1) lib/action_dispatch/middleware/show_exceptions.rb:30:in `call'
  railties (4.2.1) lib/rails/rack/logger.rb:38:in `call_app'
  railties (4.2.1) lib/rails/rack/logger.rb:20:in `block in call'
  activesupport (4.2.1) lib/active_support/tagged_logging.rb:68:in `block in tagged'
  activesupport (4.2.1) lib/active_support/tagged_logging.rb:26:in `tagged'
  activesupport (4.2.1) lib/active_support/tagged_logging.rb:68:in `tagged'
  railties (4.2.1) lib/rails/rack/logger.rb:20:in `call'
  actionpack (4.2.1) lib/action_dispatch/middleware/request_id.rb:21:in `call'
  rack (1.6.0) lib/rack/methodoverride.rb:22:in `call'
  rack (1.6.0) lib/rack/runtime.rb:18:in `call'
  activesupport (4.2.1) lib/active_support/cache/strategy/local_cache_middleware.rb:28:in `call'
  rack (1.6.0) lib/rack/lock.rb:17:in `call'
  actionpack (4.2.1) lib/action_dispatch/middleware/static.rb:113:in `call'
  rack (1.6.0) lib/rack/sendfile.rb:113:in `call'
  railties (4.2.1) lib/rails/engine.rb:518:in `call'
  railties (4.2.1) lib/rails/application.rb:164:in `call'
  rack (1.6.0) lib/rack/lock.rb:17:in `call'
  rack (1.6.0) lib/rack/content_length.rb:15:in `call'
  rack (1.6.0) lib/rack/handler/webrick.rb:89:in `service'
  /Users/shn/.anyenv/envs/rbenv/versions/2.2.1/lib/ruby/2.2.0/webrick/httpserver.rb:138:in `service'
  /Users/shn/.anyenv/envs/rbenv/versions/2.2.1/lib/ruby/2.2.0/webrick/httpserver.rb:94:in `run'
  /Users/shn/.anyenv/envs/rbenv/versions/2.2.1/lib/ruby/2.2.0/webrick/server.rb:294:in `block in start_thread'



Started POST "/__better_errors/d08debaf5d212b78/variables" for ::1 at 2015-05-02 10:37:16 +0900


Started GET "/mining/text" for ::1 at 2015-05-02 10:37:45 +0900

Mysql2::Error - Can't connect to local MySQL server through socket '/var/lib/mysql/mysql.sock' (2):
  mysql2 (0.3.18) lib/mysql2/client.rb:70:in `initialize'
  activerecord (4.2.1) lib/active_record/connection_adapters/mysql2_adapter.rb:18:in `mysql2_connection'
  activerecord (4.2.1) lib/active_record/connection_adapters/abstract/connection_pool.rb:438:in `new_connection'
  activerecord (4.2.1) lib/active_record/connection_adapters/abstract/connection_pool.rb:448:in `checkout_new_connection'
  activerecord (4.2.1) lib/active_record/connection_adapters/abstract/connection_pool.rb:422:in `acquire_connection'
  activerecord (4.2.1) lib/active_record/connection_adapters/abstract/connection_pool.rb:349:in `block in checkout'
  /Users/shn/.anyenv/envs/rbenv/versions/2.2.1/lib/ruby/2.2.0/monitor.rb:211:in `mon_synchronize'
  activerecord (4.2.1) lib/active_record/connection_adapters/abstract/connection_pool.rb:348:in `checkout'
  activerecord (4.2.1) lib/active_record/connection_adapters/abstract/connection_pool.rb:263:in `block in connection'
  /Users/shn/.anyenv/envs/rbenv/versions/2.2.1/lib/ruby/2.2.0/monitor.rb:211:in `mon_synchronize'
  activerecord (4.2.1) lib/active_record/connection_adapters/abstract/connection_pool.rb:262:in `connection'
  activerecord (4.2.1) lib/active_record/connection_adapters/abstract/connection_pool.rb:567:in `retrieve_connection'
  activerecord (4.2.1) lib/active_record/connection_handling.rb:113:in `retrieve_connection'
  activerecord (4.2.1) lib/active_record/connection_handling.rb:87:in `connection'
  activerecord (4.2.1) lib/active_record/migration.rb:384:in `connection'
  activerecord (4.2.1) lib/active_record/migration.rb:371:in `call'
  actionpack (4.2.1) lib/action_dispatch/middleware/callbacks.rb:29:in `block in call'
  activesupport (4.2.1) lib/active_support/callbacks.rb:88:in `_run_callbacks'
  activesupport (4.2.1) lib/active_support/callbacks.rb:776:in `_run_call_callbacks'
  activesupport (4.2.1) lib/active_support/callbacks.rb:81:in `run_callbacks'
  actionpack (4.2.1) lib/action_dispatch/middleware/callbacks.rb:27:in `call'
  actionpack (4.2.1) lib/action_dispatch/middleware/reloader.rb:73:in `call'
  actionpack (4.2.1) lib/action_dispatch/middleware/remote_ip.rb:78:in `call'
  better_errors (2.1.1) lib/better_errors/middleware.rb:84:in `protected_app_call'
  better_errors (2.1.1) lib/better_errors/middleware.rb:79:in `better_errors_call'
  better_errors (2.1.1) lib/better_errors/middleware.rb:57:in `call'
  actionpack (4.2.1) lib/action_dispatch/middleware/debug_exceptions.rb:17:in `call'
  web-console (2.1.2) lib/web_console/middleware.rb:37:in `call'
  actionpack (4.2.1) lib/action_dispatch/middleware/show_exceptions.rb:30:in `call'
  railties (4.2.1) lib/rails/rack/logger.rb:38:in `call_app'
  railties (4.2.1) lib/rails/rack/logger.rb:20:in `block in call'
  activesupport (4.2.1) lib/active_support/tagged_logging.rb:68:in `block in tagged'
  activesupport (4.2.1) lib/active_support/tagged_logging.rb:26:in `tagged'
  activesupport (4.2.1) lib/active_support/tagged_logging.rb:68:in `tagged'
  railties (4.2.1) lib/rails/rack/logger.rb:20:in `call'
  actionpack (4.2.1) lib/action_dispatch/middleware/request_id.rb:21:in `call'
  rack (1.6.0) lib/rack/methodoverride.rb:22:in `call'
  rack (1.6.0) lib/rack/runtime.rb:18:in `call'
  activesupport (4.2.1) lib/active_support/cache/strategy/local_cache_middleware.rb:28:in `call'
  rack (1.6.0) lib/rack/lock.rb:17:in `call'
  actionpack (4.2.1) lib/action_dispatch/middleware/static.rb:113:in `call'
  rack (1.6.0) lib/rack/sendfile.rb:113:in `call'
  railties (4.2.1) lib/rails/engine.rb:518:in `call'
  railties (4.2.1) lib/rails/application.rb:164:in `call'
  rack (1.6.0) lib/rack/lock.rb:17:in `call'
  rack (1.6.0) lib/rack/content_length.rb:15:in `call'
  rack (1.6.0) lib/rack/handler/webrick.rb:89:in `service'
  /Users/shn/.anyenv/envs/rbenv/versions/2.2.1/lib/ruby/2.2.0/webrick/httpserver.rb:138:in `service'
  /Users/shn/.anyenv/envs/rbenv/versions/2.2.1/lib/ruby/2.2.0/webrick/httpserver.rb:94:in `run'
  /Users/shn/.anyenv/envs/rbenv/versions/2.2.1/lib/ruby/2.2.0/webrick/server.rb:294:in `block in start_thread'



Started POST "/__better_errors/6b40ff5b6ba5fab3/variables" for ::1 at 2015-05-02 10:37:45 +0900


Started GET "/mining/text" for ::1 at 2015-05-02 10:45:13 +0900

Mysql2::Error - Can't connect to local MySQL server through socket '/var/lib/mysql/mysql.sock' (2):
  mysql2 (0.3.18) lib/mysql2/client.rb:70:in `initialize'
  activerecord (4.2.1) lib/active_record/connection_adapters/mysql2_adapter.rb:18:in `mysql2_connection'
  activerecord (4.2.1) lib/active_record/connection_adapters/abstract/connection_pool.rb:438:in `new_connection'
  activerecord (4.2.1) lib/active_record/connection_adapters/abstract/connection_pool.rb:448:in `checkout_new_connection'
  activerecord (4.2.1) lib/active_record/connection_adapters/abstract/connection_pool.rb:422:in `acquire_connection'
  activerecord (4.2.1) lib/active_record/connection_adapters/abstract/connection_pool.rb:349:in `block in checkout'
  /Users/shn/.anyenv/envs/rbenv/versions/2.2.1/lib/ruby/2.2.0/monitor.rb:211:in `mon_synchronize'
  activerecord (4.2.1) lib/active_record/connection_adapters/abstract/connection_pool.rb:348:in `checkout'
  activerecord (4.2.1) lib/active_record/connection_adapters/abstract/connection_pool.rb:263:in `block in connection'
  /Users/shn/.anyenv/envs/rbenv/versions/2.2.1/lib/ruby/2.2.0/monitor.rb:211:in `mon_synchronize'
  activerecord (4.2.1) lib/active_record/connection_adapters/abstract/connection_pool.rb:262:in `connection'
  activerecord (4.2.1) lib/active_record/connection_adapters/abstract/connection_pool.rb:567:in `retrieve_connection'
  activerecord (4.2.1) lib/active_record/connection_handling.rb:113:in `retrieve_connection'
  activerecord (4.2.1) lib/active_record/connection_handling.rb:87:in `connection'
  activerecord (4.2.1) lib/active_record/migration.rb:384:in `connection'
  activerecord (4.2.1) lib/active_record/migration.rb:371:in `call'
  actionpack (4.2.1) lib/action_dispatch/middleware/callbacks.rb:29:in `block in call'
  activesupport (4.2.1) lib/active_support/callbacks.rb:88:in `_run_callbacks'
  activesupport (4.2.1) lib/active_support/callbacks.rb:776:in `_run_call_callbacks'
  activesupport (4.2.1) lib/active_support/callbacks.rb:81:in `run_callbacks'
  actionpack (4.2.1) lib/action_dispatch/middleware/callbacks.rb:27:in `call'
  actionpack (4.2.1) lib/action_dispatch/middleware/reloader.rb:73:in `call'
  actionpack (4.2.1) lib/action_dispatch/middleware/remote_ip.rb:78:in `call'
  better_errors (2.1.1) lib/better_errors/middleware.rb:84:in `protected_app_call'
  better_errors (2.1.1) lib/better_errors/middleware.rb:79:in `better_errors_call'
  better_errors (2.1.1) lib/better_errors/middleware.rb:57:in `call'
  actionpack (4.2.1) lib/action_dispatch/middleware/debug_exceptions.rb:17:in `call'
  web-console (2.1.2) lib/web_console/middleware.rb:37:in `call'
  actionpack (4.2.1) lib/action_dispatch/middleware/show_exceptions.rb:30:in `call'
  railties (4.2.1) lib/rails/rack/logger.rb:38:in `call_app'
  railties (4.2.1) lib/rails/rack/logger.rb:20:in `block in call'
  activesupport (4.2.1) lib/active_support/tagged_logging.rb:68:in `block in tagged'
  activesupport (4.2.1) lib/active_support/tagged_logging.rb:26:in `tagged'
  activesupport (4.2.1) lib/active_support/tagged_logging.rb:68:in `tagged'
  railties (4.2.1) lib/rails/rack/logger.rb:20:in `call'
  actionpack (4.2.1) lib/action_dispatch/middleware/request_id.rb:21:in `call'
  rack (1.6.0) lib/rack/methodoverride.rb:22:in `call'
  rack (1.6.0) lib/rack/runtime.rb:18:in `call'
  activesupport (4.2.1) lib/active_support/cache/strategy/local_cache_middleware.rb:28:in `call'
  rack (1.6.0) lib/rack/lock.rb:17:in `call'
  actionpack (4.2.1) lib/action_dispatch/middleware/static.rb:113:in `call'
  rack (1.6.0) lib/rack/sendfile.rb:113:in `call'
  railties (4.2.1) lib/rails/engine.rb:518:in `call'
  railties (4.2.1) lib/rails/application.rb:164:in `call'
  rack (1.6.0) lib/rack/lock.rb:17:in `call'
  rack (1.6.0) lib/rack/content_length.rb:15:in `call'
  rack (1.6.0) lib/rack/handler/webrick.rb:89:in `service'
  /Users/shn/.anyenv/envs/rbenv/versions/2.2.1/lib/ruby/2.2.0/webrick/httpserver.rb:138:in `service'
  /Users/shn/.anyenv/envs/rbenv/versions/2.2.1/lib/ruby/2.2.0/webrick/httpserver.rb:94:in `run'
  /Users/shn/.anyenv/envs/rbenv/versions/2.2.1/lib/ruby/2.2.0/webrick/server.rb:294:in `block in start_thread'



Started POST "/__better_errors/410c61db8ee1295d/variables" for ::1 at 2015-05-02 10:45:13 +0900


Started GET "/mining/text" for ::1 at 2015-05-02 10:45:28 +0900
Processing by Mining::TextsController#show as HTML
  Rendered mining/texts/show.html.erb within layouts/application (7.3ms)
Completed 200 OK in 3554ms (Views: 3285.0ms | ActiveRecord: 0.0ms)


Started GET "/assets/bootstrap_and_overrides-c898afd34e65cf96cc891719e5c6da70.css?body=1" for ::1 at 2015-05-02 10:45:32 +0900


Started GET "/assets/mining/text-64e62ddc273c2f5847f30d698ca14b67.css?body=1" for ::1 at 2015-05-02 10:45:32 +0900


Started GET "/assets/application-1234c61270ef1d4d719fc7abd32f0de2.css?body=1" for ::1 at 2015-05-02 10:45:32 +0900


Started GET "/assets/jquery-87424c3c19e96d4fb033c10ebe21ec40.js?body=1" for ::1 at 2015-05-02 10:45:32 +0900


Started GET "/assets/jquery_ujs-e27bd20a10d28155845a22d71ef94f2f.js?body=1" for ::1 at 2015-05-02 10:45:32 +0900


Started GET "/assets/twitter/bootstrap/transition-49c071d4d736acca69daed5bd6c4fdbd.js?body=1" for ::1 at 2015-05-02 10:45:32 +0900


Started GET "/assets/twitter/bootstrap/alert-4fa131fff2ae05a1d89df662cd4a8531.js?body=1" for ::1 at 2015-05-02 10:45:32 +0900


Started GET "/assets/twitter/bootstrap/dropdown-89b3696cc302eaf377aca640fae08632.js?body=1" for ::1 at 2015-05-02 10:45:32 +0900


Started GET "/assets/twitter/bootstrap/modal-d403efa7333c333fdeecc5daa727c437.js?body=1" for ::1 at 2015-05-02 10:45:32 +0900


Started GET "/assets/twitter/bootstrap/scrollspy-f3a0e91892e9edb7ccced4ed84ff23ec.js?body=1" for ::1 at 2015-05-02 10:45:32 +0900


Started GET "/assets/twitter/bootstrap/tab-fab339701c02e2cb7d02570dd26fcf10.js?body=1" for ::1 at 2015-05-02 10:45:32 +0900


Started GET "/assets/twitter/bootstrap/carousel-ac6115504ba6a31f58406c5978a6aa20.js?body=1" for ::1 at 2015-05-02 10:45:32 +0900


Started GET "/assets/twitter/bootstrap/popover-c19ae92999a32fa658ffe5d5cc13d195.js?body=1" for ::1 at 2015-05-02 10:45:32 +0900


Started GET "/assets/twitter/bootstrap/collapse-cfd6f6e5cff9c41e78cc52464a71358b.js?body=1" for ::1 at 2015-05-02 10:45:32 +0900


Started GET "/assets/twitter/bootstrap/tooltip-1727c885f6618bb619e6a29ef0496d11.js?body=1" for ::1 at 2015-05-02 10:45:32 +0900


Started GET "/assets/twitter/bootstrap/button-dcd83af4b8aa46a9026dec4ea360a003.js?body=1" for ::1 at 2015-05-02 10:45:32 +0900


Started GET "/assets/twitter/bootstrap/affix-745457a96802e8f61e15a7622b54b68f.js?body=1" for ::1 at 2015-05-02 10:45:32 +0900


Started GET "/assets/twitter/bootstrap-4a7c8463ef111cbe52eec5efe89f8319.js?body=1" for ::1 at 2015-05-02 10:45:32 +0900


Started GET "/assets/turbolinks-f87b3583ca50adb0488b031297f5580d.js?body=1" for ::1 at 2015-05-02 10:45:32 +0900


Started GET "/assets/bootstrap-91416daf9f05a6e9ca13ef54aa8dcb39.js?body=1" for ::1 at 2015-05-02 10:45:32 +0900


Started GET "/assets/mining/text-fcec5b5a277ac7c20cc9f45a209a3bcd.js?body=1" for ::1 at 2015-05-02 10:45:32 +0900


Started GET "/assets/application-dced387426af23faf286e2cd832902cf.js?body=1" for ::1 at 2015-05-02 10:45:32 +0900


Started GET "/mining/text" for ::1 at 2015-05-02 18:40:46 +0900
Processing by Mining::TextsController#show as HTML
  Rendered mining/texts/show.html.erb within layouts/application (6.9ms)
Completed 200 OK in 1454ms (Views: 1150.5ms | ActiveRecord: 0.0ms)


Started GET "/mining/text" for ::1 at 2015-05-02 18:41:44 +0900
Processing by Mining::TextsController#show as HTML
  Rendered mining/texts/show.html.erb within layouts/application (2.8ms)
Completed 200 OK in 153ms (Views: 104.1ms | ActiveRecord: 0.0ms)


Started GET "/assets/mining/text-64e62ddc273c2f5847f30d698ca14b67.css?body=1" for ::1 at 2015-05-02 18:41:45 +0900


Started GET "/assets/application-1234c61270ef1d4d719fc7abd32f0de2.css?body=1" for ::1 at 2015-05-02 18:41:45 +0900


Started GET "/assets/mining/text-fcec5b5a277ac7c20cc9f45a209a3bcd.js?body=1" for ::1 at 2015-05-02 18:41:45 +0900


Started GET "/assets/application-dced387426af23faf286e2cd832902cf.js?body=1" for ::1 at 2015-05-02 18:41:45 +0900


Started GET "/assets/jquery-87424c3c19e96d4fb033c10ebe21ec40.js?body=1" for ::1 at 2015-05-02 18:41:45 +0900


Started GET "/assets/bootstrap_and_overrides-c898afd34e65cf96cc891719e5c6da70.css?body=1" for ::1 at 2015-05-02 18:41:45 +0900


Started GET "/assets/twitter/bootstrap/modal-d403efa7333c333fdeecc5daa727c437.js?body=1" for ::1 at 2015-05-02 18:41:45 +0900


Started GET "/assets/jquery_ujs-e27bd20a10d28155845a22d71ef94f2f.js?body=1" for ::1 at 2015-05-02 18:41:45 +0900


Started GET "/assets/twitter/bootstrap/transition-49c071d4d736acca69daed5bd6c4fdbd.js?body=1" for ::1 at 2015-05-02 18:41:45 +0900


Started GET "/assets/twitter/bootstrap/alert-4fa131fff2ae05a1d89df662cd4a8531.js?body=1" for ::1 at 2015-05-02 18:41:45 +0900


Started GET "/assets/twitter/bootstrap/dropdown-89b3696cc302eaf377aca640fae08632.js?body=1" for ::1 at 2015-05-02 18:41:45 +0900


Started GET "/assets/twitter/bootstrap/scrollspy-f3a0e91892e9edb7ccced4ed84ff23ec.js?body=1" for ::1 at 2015-05-02 18:41:45 +0900


Started GET "/assets/twitter/bootstrap/tab-fab339701c02e2cb7d02570dd26fcf10.js?body=1" for ::1 at 2015-05-02 18:41:45 +0900


Started GET "/assets/twitter/bootstrap/tooltip-1727c885f6618bb619e6a29ef0496d11.js?body=1" for ::1 at 2015-05-02 18:41:45 +0900


Started GET "/assets/twitter/bootstrap/popover-c19ae92999a32fa658ffe5d5cc13d195.js?body=1" for ::1 at 2015-05-02 18:41:45 +0900


Started GET "/assets/twitter/bootstrap/affix-745457a96802e8f61e15a7622b54b68f.js?body=1" for ::1 at 2015-05-02 18:41:45 +0900


Started GET "/assets/twitter/bootstrap/collapse-cfd6f6e5cff9c41e78cc52464a71358b.js?body=1" for ::1 at 2015-05-02 18:41:45 +0900


Started GET "/assets/twitter/bootstrap/button-dcd83af4b8aa46a9026dec4ea360a003.js?body=1" for ::1 at 2015-05-02 18:41:45 +0900


Started GET "/assets/twitter/bootstrap-4a7c8463ef111cbe52eec5efe89f8319.js?body=1" for ::1 at 2015-05-02 18:41:45 +0900


Started GET "/assets/twitter/bootstrap/carousel-ac6115504ba6a31f58406c5978a6aa20.js?body=1" for ::1 at 2015-05-02 18:41:45 +0900


Started GET "/assets/turbolinks-f87b3583ca50adb0488b031297f5580d.js?body=1" for ::1 at 2015-05-02 18:41:45 +0900


Started GET "/assets/bootstrap-91416daf9f05a6e9ca13ef54aa8dcb39.js?body=1" for ::1 at 2015-05-02 18:41:45 +0900


Started GET "/assets/mining/text-64e62ddc273c2f5847f30d698ca14b67.css?body=1" for ::1 at 2015-05-02 18:42:35 +0900


Started GET "/assets/application-1234c61270ef1d4d719fc7abd32f0de2.css?body=1" for ::1 at 2015-05-02 18:42:35 +0900


Started GET "/assets/mining/text-fcec5b5a277ac7c20cc9f45a209a3bcd.js?body=1" for ::1 at 2015-05-02 18:42:35 +0900


Started GET "/assets/application-dced387426af23faf286e2cd832902cf.js?body=1" for ::1 at 2015-05-02 18:42:35 +0900


Started GET "/" for ::1 at 2015-05-12 00:13:33 +0900
Processing by Rails::WelcomeController#index as HTML
  Rendered /Users/shn/.anyenv/envs/rbenv/versions/2.2.1/lib/ruby/gems/2.2.0/gems/railties-4.2.1/lib/rails/templates/rails/welcome/index.html.erb (2.2ms)
Completed 200 OK in 32ms (Views: 21.7ms | ActiveRecord: 0.0ms)


Started GET "/mining/text" for ::1 at 2015-05-12 00:13:38 +0900
Processing by Mining::TextsController#show as HTML
  Rendered mining/texts/show.html.erb within layouts/application (13.0ms)
Completed 200 OK in 1390ms (Views: 1126.3ms | ActiveRecord: 0.0ms)


Started GET "/assets/mining/text-64e62ddc273c2f5847f30d698ca14b67.css?body=1" for ::1 at 2015-05-12 00:13:40 +0900


Started GET "/assets/application-1234c61270ef1d4d719fc7abd32f0de2.css?body=1" for ::1 at 2015-05-12 00:13:40 +0900


Started GET "/assets/mining/text-fcec5b5a277ac7c20cc9f45a209a3bcd.js?body=1" for ::1 at 2015-05-12 00:13:40 +0900


Started GET "/assets/application-dced387426af23faf286e2cd832902cf.js?body=1" for ::1 at 2015-05-12 00:13:40 +0900


Started GET "/mining/text" for ::1 at 2015-05-12 00:14:37 +0900
Processing by Mining::TextsController#show as HTML
  Rendered mining/texts/show.html.erb within layouts/application (4.8ms)
Completed 500 Internal Server Error in 284ms (ActiveRecord: 0.0ms)

NoMethodError - undefined method `[]' for nil:NilClass:
  less-rails (2.6.0) lib/less/rails/template_handlers.rb:37:in `config_paths'
  less-rails (2.6.0) lib/less/rails/template_handlers.rb:26:in `config_to_less_parser_options'
  less-rails (2.6.0) lib/less/rails/template_handlers.rb:17:in `evaluate'
  tilt (1.4.1) lib/tilt/template.rb:103:in `render'
  sprockets (3.1.0) lib/sprockets/legacy_tilt_processor.rb:25:in `call'
  sprockets (3.1.0) lib/sprockets/processor_utils.rb:75:in `call_processor'
  sprockets (3.1.0) lib/sprockets/processor_utils.rb:57:in `block in call_processors'
  sprockets (3.1.0) lib/sprockets/processor_utils.rb:56:in `call_processors'
  sprockets (3.1.0) lib/sprockets/loader.rb:86:in `load_asset_by_uri'
  sprockets (3.1.0) lib/sprockets/loader.rb:45:in `block in load'
  sprockets (3.1.0) lib/sprockets/loader.rb:156:in `fetch_asset_from_dependency_cache'
  sprockets (3.1.0) lib/sprockets/loader.rb:38:in `load'
  sprockets (3.1.0) lib/sprockets/cached_environment.rb:20:in `block in initialize'
  sprockets (3.1.0) lib/sprockets/cached_environment.rb:47:in `load'
  sprockets (3.1.0) lib/sprockets/bundle.rb:23:in `block in call'
  sprockets (3.1.0) lib/sprockets/utils.rb:183:in `dfs'
  sprockets (3.1.0) lib/sprockets/bundle.rb:24:in `call'
  sprockets (3.1.0) lib/sprockets/processor_utils.rb:75:in `call_processor'
  sprockets (3.1.0) lib/sprockets/processor_utils.rb:57:in `block in call_processors'
  sprockets (3.1.0) lib/sprockets/processor_utils.rb:56:in `call_processors'
  sprockets (3.1.0) lib/sprockets/loader.rb:86:in `load_asset_by_uri'
  sprockets (3.1.0) lib/sprockets/loader.rb:45:in `block in load'
  sprockets (3.1.0) lib/sprockets/loader.rb:156:in `fetch_asset_from_dependency_cache'
  sprockets (3.1.0) lib/sprockets/loader.rb:38:in `load'
  sprockets (3.1.0) lib/sprockets/cached_environment.rb:20:in `block in initialize'
  sprockets (3.1.0) lib/sprockets/cached_environment.rb:47:in `load'
  sprockets (3.1.0) lib/sprockets/base.rb:63:in `find_asset'
  sprockets (3.1.0) lib/sprockets/environment.rb:30:in `find_asset'
  sprockets (3.1.0) lib/sprockets/base.rb:89:in `[]'
  sprockets-rails (2.3.0) lib/sprockets/rails/helper.rb:243:in `lookup_asset_for_path'
  sprockets-rails (2.3.0) lib/sprockets/rails/helper.rb:203:in `check_errors_for'
  sprockets-rails (2.3.0) lib/sprockets/rails/helper.rb:172:in `block in stylesheet_link_tag'
  sprockets-rails (2.3.0) lib/sprockets/rails/helper.rb:171:in `stylesheet_link_tag'
  app/views/layouts/application.html.erb:5:in `_app_views_layouts_application_html_erb__3540979139477458405_70298620074400'
  actionview (4.2.1) lib/action_view/template.rb:145:in `block in render'
  activesupport (4.2.1) lib/active_support/notifications.rb:166:in `instrument'
  actionview (4.2.1) lib/action_view/template.rb:333:in `instrument'
  actionview (4.2.1) lib/action_view/template.rb:143:in `render'
  actionview (4.2.1) lib/action_view/renderer/template_renderer.rb:66:in `render_with_layout'
  actionview (4.2.1) lib/action_view/renderer/template_renderer.rb:52:in `render_template'
  actionview (4.2.1) lib/action_view/renderer/template_renderer.rb:14:in `render'
  actionview (4.2.1) lib/action_view/renderer/renderer.rb:42:in `render_template'
  actionview (4.2.1) lib/action_view/renderer/renderer.rb:23:in `render'
  actionview (4.2.1) lib/action_view/rendering.rb:100:in `_render_template'
  actionpack (4.2.1) lib/action_controller/metal/streaming.rb:217:in `_render_template'
  actionview (4.2.1) lib/action_view/rendering.rb:83:in `render_to_body'
  actionpack (4.2.1) lib/action_controller/metal/rendering.rb:32:in `render_to_body'
  actionpack (4.2.1) lib/action_controller/metal/renderers.rb:37:in `render_to_body'
  actionpack (4.2.1) lib/abstract_controller/rendering.rb:25:in `render'
  actionpack (4.2.1) lib/action_controller/metal/rendering.rb:16:in `render'
  actionpack (4.2.1) lib/action_controller/metal/instrumentation.rb:44:in `block (2 levels) in render'
  activesupport (4.2.1) lib/active_support/core_ext/benchmark.rb:12:in `block in ms'
  /Users/shn/.anyenv/envs/rbenv/versions/2.2.1/lib/ruby/2.2.0/benchmark.rb:303:in `realtime'
  activesupport (4.2.1) lib/active_support/core_ext/benchmark.rb:12:in `ms'
  actionpack (4.2.1) lib/action_controller/metal/instrumentation.rb:44:in `block in render'
  actionpack (4.2.1) lib/action_controller/metal/instrumentation.rb:87:in `cleanup_view_runtime'
  activerecord (4.2.1) lib/active_record/railties/controller_runtime.rb:25:in `cleanup_view_runtime'
  actionpack (4.2.1) lib/action_controller/metal/instrumentation.rb:43:in `render'
  actionpack (4.2.1) lib/action_controller/metal/implicit_render.rb:10:in `default_render'
  actionpack (4.2.1) lib/action_controller/metal/implicit_render.rb:5:in `send_action'
  actionpack (4.2.1) lib/abstract_controller/base.rb:198:in `process_action'
  actionpack (4.2.1) lib/action_controller/metal/rendering.rb:10:in `process_action'
  actionpack (4.2.1) lib/abstract_controller/callbacks.rb:20:in `block in process_action'
  activesupport (4.2.1) lib/active_support/callbacks.rb:117:in `call'
  activesupport (4.2.1) lib/active_support/callbacks.rb:555:in `block (2 levels) in compile'
  activesupport (4.2.1) lib/active_support/callbacks.rb:505:in `call'
  activesupport (4.2.1) lib/active_support/callbacks.rb:92:in `_run_callbacks'
  activesupport (4.2.1) lib/active_support/callbacks.rb:776:in `_run_process_action_callbacks'
  activesupport (4.2.1) lib/active_support/callbacks.rb:81:in `run_callbacks'
  actionpack (4.2.1) lib/abstract_controller/callbacks.rb:19:in `process_action'
  actionpack (4.2.1) lib/action_controller/metal/rescue.rb:29:in `process_action'
  actionpack (4.2.1) lib/action_controller/metal/instrumentation.rb:32:in `block in process_action'
  activesupport (4.2.1) lib/active_support/notifications.rb:164:in `block in instrument'
  activesupport (4.2.1) lib/active_support/notifications/instrumenter.rb:20:in `instrument'
  activesupport (4.2.1) lib/active_support/notifications.rb:164:in `instrument'
  actionpack (4.2.1) lib/action_controller/metal/instrumentation.rb:30:in `process_action'
  actionpack (4.2.1) lib/action_controller/metal/params_wrapper.rb:250:in `process_action'
  activerecord (4.2.1) lib/active_record/railties/controller_runtime.rb:18:in `process_action'
  actionpack (4.2.1) lib/abstract_controller/base.rb:137:in `process'
  actionview (4.2.1) lib/action_view/rendering.rb:30:in `process'
  actionpack (4.2.1) lib/action_controller/metal.rb:196:in `dispatch'
  actionpack (4.2.1) lib/action_controller/metal/rack_delegation.rb:13:in `dispatch'
  actionpack (4.2.1) lib/action_controller/metal.rb:237:in `block in action'
  actionpack (4.2.1) lib/action_dispatch/routing/route_set.rb:74:in `dispatch'
  actionpack (4.2.1) lib/action_dispatch/routing/route_set.rb:43:in `serve'
  actionpack (4.2.1) lib/action_dispatch/journey/router.rb:43:in `block in serve'
  actionpack (4.2.1) lib/action_dispatch/journey/router.rb:30:in `serve'
  actionpack (4.2.1) lib/action_dispatch/routing/route_set.rb:819:in `call'
  rack (1.6.1) lib/rack/etag.rb:24:in `call'
  rack (1.6.1) lib/rack/conditionalget.rb:25:in `call'
  rack (1.6.1) lib/rack/head.rb:13:in `call'
  actionpack (4.2.1) lib/action_dispatch/middleware/params_parser.rb:27:in `call'
  actionpack (4.2.1) lib/action_dispatch/middleware/flash.rb:260:in `call'
  rack (1.6.1) lib/rack/session/abstract/id.rb:225:in `context'
  rack (1.6.1) lib/rack/session/abstract/id.rb:220:in `call'
  actionpack (4.2.1) lib/action_dispatch/middleware/cookies.rb:560:in `call'
  activerecord (4.2.1) lib/active_record/query_cache.rb:36:in `call'
  activerecord (4.2.1) lib/active_record/connection_adapters/abstract/connection_pool.rb:649:in `call'
  activerecord (4.2.1) lib/active_record/migration.rb:378:in `call'
  actionpack (4.2.1) lib/action_dispatch/middleware/callbacks.rb:29:in `block in call'
  activesupport (4.2.1) lib/active_support/callbacks.rb:88:in `_run_callbacks'
  activesupport (4.2.1) lib/active_support/callbacks.rb:776:in `_run_call_callbacks'
  activesupport (4.2.1) lib/active_support/callbacks.rb:81:in `run_callbacks'
  actionpack (4.2.1) lib/action_dispatch/middleware/callbacks.rb:27:in `call'
  actionpack (4.2.1) lib/action_dispatch/middleware/reloader.rb:73:in `call'
  actionpack (4.2.1) lib/action_dispatch/middleware/remote_ip.rb:78:in `call'
  better_errors (2.1.1) lib/better_errors/middleware.rb:84:in `protected_app_call'
  better_errors (2.1.1) lib/better_errors/middleware.rb:79:in `better_errors_call'
  better_errors (2.1.1) lib/better_errors/middleware.rb:57:in `call'
  actionpack (4.2.1) lib/action_dispatch/middleware/debug_exceptions.rb:17:in `call'
  web-console (2.1.2) lib/web_console/middleware.rb:37:in `call'
  actionpack (4.2.1) lib/action_dispatch/middleware/show_exceptions.rb:30:in `call'
  railties (4.2.1) lib/rails/rack/logger.rb:38:in `call_app'
  railties (4.2.1) lib/rails/rack/logger.rb:20:in `block in call'
  activesupport (4.2.1) lib/active_support/tagged_logging.rb:68:in `block in tagged'
  activesupport (4.2.1) lib/active_support/tagged_logging.rb:26:in `tagged'
  activesupport (4.2.1) lib/active_support/tagged_logging.rb:68:in `tagged'
  railties (4.2.1) lib/rails/rack/logger.rb:20:in `call'
  actionpack (4.2.1) lib/action_dispatch/middleware/request_id.rb:21:in `call'
  rack (1.6.1) lib/rack/methodoverride.rb:22:in `call'
  rack (1.6.1) lib/rack/runtime.rb:18:in `call'
  activesupport (4.2.1) lib/active_support/cache/strategy/local_cache_middleware.rb:28:in `call'
  rack (1.6.1) lib/rack/lock.rb:17:in `call'
  actionpack (4.2.1) lib/action_dispatch/middleware/static.rb:113:in `call'
  rack (1.6.1) lib/rack/sendfile.rb:113:in `call'
  railties (4.2.1) lib/rails/engine.rb:518:in `call'
  railties (4.2.1) lib/rails/application.rb:164:in `call'
  rack (1.6.1) lib/rack/lock.rb:17:in `call'
  rack (1.6.1) lib/rack/content_length.rb:15:in `call'
  rack (1.6.1) lib/rack/handler/webrick.rb:89:in `service'
  /Users/shn/.anyenv/envs/rbenv/versions/2.2.1/lib/ruby/2.2.0/webrick/httpserver.rb:138:in `service'
  /Users/shn/.anyenv/envs/rbenv/versions/2.2.1/lib/ruby/2.2.0/webrick/httpserver.rb:94:in `run'
  /Users/shn/.anyenv/envs/rbenv/versions/2.2.1/lib/ruby/2.2.0/webrick/server.rb:294:in `block in start_thread'



Started POST "/__better_errors/a4b0aaf6661d3f76/variables" for ::1 at 2015-05-12 00:14:38 +0900


Started GET "/mining/text" for ::1 at 2015-05-12 00:14:42 +0900
Processing by Mining::TextsController#show as HTML
  Rendered mining/texts/show.html.erb within layouts/application (5.1ms)
Completed 500 Internal Server Error in 51ms (ActiveRecord: 0.0ms)

NoMethodError - undefined method `[]' for nil:NilClass:
  less-rails (2.6.0) lib/less/rails/template_handlers.rb:37:in `config_paths'
  less-rails (2.6.0) lib/less/rails/template_handlers.rb:26:in `config_to_less_parser_options'
  less-rails (2.6.0) lib/less/rails/template_handlers.rb:17:in `evaluate'
  tilt (1.4.1) lib/tilt/template.rb:103:in `render'
  sprockets (3.1.0) lib/sprockets/legacy_tilt_processor.rb:25:in `call'
  sprockets (3.1.0) lib/sprockets/processor_utils.rb:75:in `call_processor'
  sprockets (3.1.0) lib/sprockets/processor_utils.rb:57:in `block in call_processors'
  sprockets (3.1.0) lib/sprockets/processor_utils.rb:56:in `call_processors'
  sprockets (3.1.0) lib/sprockets/loader.rb:86:in `load_asset_by_uri'
  sprockets (3.1.0) lib/sprockets/loader.rb:45:in `block in load'
  sprockets (3.1.0) lib/sprockets/loader.rb:156:in `fetch_asset_from_dependency_cache'
  sprockets (3.1.0) lib/sprockets/loader.rb:38:in `load'
  sprockets (3.1.0) lib/sprockets/cached_environment.rb:20:in `block in initialize'
  sprockets (3.1.0) lib/sprockets/cached_environment.rb:47:in `load'
  sprockets (3.1.0) lib/sprockets/bundle.rb:23:in `block in call'
  sprockets (3.1.0) lib/sprockets/utils.rb:183:in `dfs'
  sprockets (3.1.0) lib/sprockets/bundle.rb:24:in `call'
  sprockets (3.1.0) lib/sprockets/processor_utils.rb:75:in `call_processor'
  sprockets (3.1.0) lib/sprockets/processor_utils.rb:57:in `block in call_processors'
  sprockets (3.1.0) lib/sprockets/processor_utils.rb:56:in `call_processors'
  sprockets (3.1.0) lib/sprockets/loader.rb:86:in `load_asset_by_uri'
  sprockets (3.1.0) lib/sprockets/loader.rb:45:in `block in load'
  sprockets (3.1.0) lib/sprockets/loader.rb:156:in `fetch_asset_from_dependency_cache'
  sprockets (3.1.0) lib/sprockets/loader.rb:38:in `load'
  sprockets (3.1.0) lib/sprockets/cached_environment.rb:20:in `block in initialize'
  sprockets (3.1.0) lib/sprockets/cached_environment.rb:47:in `load'
  sprockets (3.1.0) lib/sprockets/base.rb:63:in `find_asset'
  sprockets (3.1.0) lib/sprockets/environment.rb:30:in `find_asset'
  sprockets (3.1.0) lib/sprockets/base.rb:89:in `[]'
  sprockets-rails (2.3.0) lib/sprockets/rails/helper.rb:243:in `lookup_asset_for_path'
  sprockets-rails (2.3.0) lib/sprockets/rails/helper.rb:203:in `check_errors_for'
  sprockets-rails (2.3.0) lib/sprockets/rails/helper.rb:172:in `block in stylesheet_link_tag'
  sprockets-rails (2.3.0) lib/sprockets/rails/helper.rb:171:in `stylesheet_link_tag'
  app/views/layouts/application.html.erb:5:in `_app_views_layouts_application_html_erb__3540979139477458405_70298620074400'
  actionview (4.2.1) lib/action_view/template.rb:145:in `block in render'
  activesupport (4.2.1) lib/active_support/notifications.rb:166:in `instrument'
  actionview (4.2.1) lib/action_view/template.rb:333:in `instrument'
  actionview (4.2.1) lib/action_view/template.rb:143:in `render'
  actionview (4.2.1) lib/action_view/renderer/template_renderer.rb:66:in `render_with_layout'
  actionview (4.2.1) lib/action_view/renderer/template_renderer.rb:52:in `render_template'
  actionview (4.2.1) lib/action_view/renderer/template_renderer.rb:14:in `render'
  actionview (4.2.1) lib/action_view/renderer/renderer.rb:42:in `render_template'
  actionview (4.2.1) lib/action_view/renderer/renderer.rb:23:in `render'
  actionview (4.2.1) lib/action_view/rendering.rb:100:in `_render_template'
  actionpack (4.2.1) lib/action_controller/metal/streaming.rb:217:in `_render_template'
  actionview (4.2.1) lib/action_view/rendering.rb:83:in `render_to_body'
  actionpack (4.2.1) lib/action_controller/metal/rendering.rb:32:in `render_to_body'
  actionpack (4.2.1) lib/action_controller/metal/renderers.rb:37:in `render_to_body'
  actionpack (4.2.1) lib/abstract_controller/rendering.rb:25:in `render'
  actionpack (4.2.1) lib/action_controller/metal/rendering.rb:16:in `render'
  actionpack (4.2.1) lib/action_controller/metal/instrumentation.rb:44:in `block (2 levels) in render'
  activesupport (4.2.1) lib/active_support/core_ext/benchmark.rb:12:in `block in ms'
  /Users/shn/.anyenv/envs/rbenv/versions/2.2.1/lib/ruby/2.2.0/benchmark.rb:303:in `realtime'
  activesupport (4.2.1) lib/active_support/core_ext/benchmark.rb:12:in `ms'
  actionpack (4.2.1) lib/action_controller/metal/instrumentation.rb:44:in `block in render'
  actionpack (4.2.1) lib/action_controller/metal/instrumentation.rb:87:in `cleanup_view_runtime'
  activerecord (4.2.1) lib/active_record/railties/controller_runtime.rb:25:in `cleanup_view_runtime'
  actionpack (4.2.1) lib/action_controller/metal/instrumentation.rb:43:in `render'
  actionpack (4.2.1) lib/action_controller/metal/implicit_render.rb:10:in `default_render'
  actionpack (4.2.1) lib/action_controller/metal/implicit_render.rb:5:in `send_action'
  actionpack (4.2.1) lib/abstract_controller/base.rb:198:in `process_action'
  actionpack (4.2.1) lib/action_controller/metal/rendering.rb:10:in `process_action'
  actionpack (4.2.1) lib/abstract_controller/callbacks.rb:20:in `block in process_action'
  activesupport (4.2.1) lib/active_support/callbacks.rb:117:in `call'
  activesupport (4.2.1) lib/active_support/callbacks.rb:555:in `block (2 levels) in compile'
  activesupport (4.2.1) lib/active_support/callbacks.rb:505:in `call'
  activesupport (4.2.1) lib/active_support/callbacks.rb:92:in `_run_callbacks'
  activesupport (4.2.1) lib/active_support/callbacks.rb:776:in `_run_process_action_callbacks'
  activesupport (4.2.1) lib/active_support/callbacks.rb:81:in `run_callbacks'
  actionpack (4.2.1) lib/abstract_controller/callbacks.rb:19:in `process_action'
  actionpack (4.2.1) lib/action_controller/metal/rescue.rb:29:in `process_action'
  actionpack (4.2.1) lib/action_controller/metal/instrumentation.rb:32:in `block in process_action'
  activesupport (4.2.1) lib/active_support/notifications.rb:164:in `block in instrument'
  activesupport (4.2.1) lib/active_support/notifications/instrumenter.rb:20:in `instrument'
  activesupport (4.2.1) lib/active_support/notifications.rb:164:in `instrument'
  actionpack (4.2.1) lib/action_controller/metal/instrumentation.rb:30:in `process_action'
  actionpack (4.2.1) lib/action_controller/metal/params_wrapper.rb:250:in `process_action'
  activerecord (4.2.1) lib/active_record/railties/controller_runtime.rb:18:in `process_action'
  actionpack (4.2.1) lib/abstract_controller/base.rb:137:in `process'
  actionview (4.2.1) lib/action_view/rendering.rb:30:in `process'
  actionpack (4.2.1) lib/action_controller/metal.rb:196:in `dispatch'
  actionpack (4.2.1) lib/action_controller/metal/rack_delegation.rb:13:in `dispatch'
  actionpack (4.2.1) lib/action_controller/metal.rb:237:in `block in action'
  actionpack (4.2.1) lib/action_dispatch/routing/route_set.rb:74:in `dispatch'
  actionpack (4.2.1) lib/action_dispatch/routing/route_set.rb:43:in `serve'
  actionpack (4.2.1) lib/action_dispatch/journey/router.rb:43:in `block in serve'
  actionpack (4.2.1) lib/action_dispatch/journey/router.rb:30:in `serve'
  actionpack (4.2.1) lib/action_dispatch/routing/route_set.rb:819:in `call'
  rack (1.6.1) lib/rack/etag.rb:24:in `call'
  rack (1.6.1) lib/rack/conditionalget.rb:25:in `call'
  rack (1.6.1) lib/rack/head.rb:13:in `call'
  actionpack (4.2.1) lib/action_dispatch/middleware/params_parser.rb:27:in `call'
  actionpack (4.2.1) lib/action_dispatch/middleware/flash.rb:260:in `call'
  rack (1.6.1) lib/rack/session/abstract/id.rb:225:in `context'
  rack (1.6.1) lib/rack/session/abstract/id.rb:220:in `call'
  actionpack (4.2.1) lib/action_dispatch/middleware/cookies.rb:560:in `call'
  activerecord (4.2.1) lib/active_record/query_cache.rb:36:in `call'
  activerecord (4.2.1) lib/active_record/connection_adapters/abstract/connection_pool.rb:649:in `call'
  activerecord (4.2.1) lib/active_record/migration.rb:378:in `call'
  actionpack (4.2.1) lib/action_dispatch/middleware/callbacks.rb:29:in `block in call'
  activesupport (4.2.1) lib/active_support/callbacks.rb:88:in `_run_callbacks'
  activesupport (4.2.1) lib/active_support/callbacks.rb:776:in `_run_call_callbacks'
  activesupport (4.2.1) lib/active_support/callbacks.rb:81:in `run_callbacks'
  actionpack (4.2.1) lib/action_dispatch/middleware/callbacks.rb:27:in `call'
  actionpack (4.2.1) lib/action_dispatch/middleware/reloader.rb:73:in `call'
  actionpack (4.2.1) lib/action_dispatch/middleware/remote_ip.rb:78:in `call'
  better_errors (2.1.1) lib/better_errors/middleware.rb:84:in `protected_app_call'
  better_errors (2.1.1) lib/better_errors/middleware.rb:79:in `better_errors_call'
  better_errors (2.1.1) lib/better_errors/middleware.rb:57:in `call'
  actionpack (4.2.1) lib/action_dispatch/middleware/debug_exceptions.rb:17:in `call'
  web-console (2.1.2) lib/web_console/middleware.rb:37:in `call'
  actionpack (4.2.1) lib/action_dispatch/middleware/show_exceptions.rb:30:in `call'
  railties (4.2.1) lib/rails/rack/logger.rb:38:in `call_app'
  railties (4.2.1) lib/rails/rack/logger.rb:20:in `block in call'
  activesupport (4.2.1) lib/active_support/tagged_logging.rb:68:in `block in tagged'
  activesupport (4.2.1) lib/active_support/tagged_logging.rb:26:in `tagged'
  activesupport (4.2.1) lib/active_support/tagged_logging.rb:68:in `tagged'
  railties (4.2.1) lib/rails/rack/logger.rb:20:in `call'
  actionpack (4.2.1) lib/action_dispatch/middleware/request_id.rb:21:in `call'
  rack (1.6.1) lib/rack/methodoverride.rb:22:in `call'
  rack (1.6.1) lib/rack/runtime.rb:18:in `call'
  activesupport (4.2.1) lib/active_support/cache/strategy/local_cache_middleware.rb:28:in `call'
  rack (1.6.1) lib/rack/lock.rb:17:in `call'
  actionpack (4.2.1) lib/action_dispatch/middleware/static.rb:113:in `call'
  rack (1.6.1) lib/rack/sendfile.rb:113:in `call'
  railties (4.2.1) lib/rails/engine.rb:518:in `call'
  railties (4.2.1) lib/rails/application.rb:164:in `call'
  rack (1.6.1) lib/rack/lock.rb:17:in `call'
  rack (1.6.1) lib/rack/content_length.rb:15:in `call'
  rack (1.6.1) lib/rack/handler/webrick.rb:89:in `service'
  /Users/shn/.anyenv/envs/rbenv/versions/2.2.1/lib/ruby/2.2.0/webrick/httpserver.rb:138:in `service'
  /Users/shn/.anyenv/envs/rbenv/versions/2.2.1/lib/ruby/2.2.0/webrick/httpserver.rb:94:in `run'
  /Users/shn/.anyenv/envs/rbenv/versions/2.2.1/lib/ruby/2.2.0/webrick/server.rb:294:in `block in start_thread'



Started POST "/__better_errors/072cce4787bfb427/variables" for ::1 at 2015-05-12 00:14:42 +0900


Started GET "/mining/text" for ::1 at 2015-05-12 00:17:08 +0900
Processing by Mining::TextsController#show as HTML
  Rendered mining/texts/show.html.erb within layouts/application (4.8ms)
Completed 200 OK in 3876ms (Views: 3820.6ms | ActiveRecord: 0.0ms)


Started GET "/assets/mining/text-711e8fdeeb2ee446092e4389ed0e7f7e.css?body=1" for ::1 at 2015-05-12 00:17:12 +0900


Started GET "/assets/bootstrap_and_overrides-53dc431ab1899d940151613ec5ffb506.css?body=1" for ::1 at 2015-05-12 00:17:12 +0900


Started GET "/assets/twitter/bootstrap/transition-c1400400a52572c79da8b9e0f642dee8.js?body=1" for ::1 at 2015-05-12 00:17:12 +0900


Started GET "/assets/jquery-7d5ba98b35699b402586652ae3aa8ee8.js?body=1" for ::1 at 2015-05-12 00:17:12 +0900


Started GET "/assets/jquery_ujs-1777719dc5b2b3412f367ea8dcd6a72b.js?body=1" for ::1 at 2015-05-12 00:17:12 +0900


Started GET "/assets/application-26a7e7bb661e8bf1b6757fd3abb10c40.css?body=1" for ::1 at 2015-05-12 00:17:12 +0900


Started GET "/assets/twitter/bootstrap/alert-fa54d0bf9e107777ecde4e0428064119.js?body=1" for ::1 at 2015-05-12 00:17:12 +0900


Started GET "/assets/twitter/bootstrap/modal-4bbd29c94f8432869e41ac2d11a432b1.js?body=1" for ::1 at 2015-05-12 00:17:12 +0900


Started GET "/assets/twitter/bootstrap/dropdown-3d2a6dba4d98dfbfcb5cae3031cbb626.js?body=1" for ::1 at 2015-05-12 00:17:12 +0900


Started GET "/assets/twitter/bootstrap/scrollspy-4381f778c02e895ba520217bebd9f99b.js?body=1" for ::1 at 2015-05-12 00:17:12 +0900


Started GET "/assets/twitter/bootstrap/tooltip-2e374dab03f05c999e776727c100abd7.js?body=1" for ::1 at 2015-05-12 00:17:12 +0900


Started GET "/assets/twitter/bootstrap/tab-6b06d3b409380e34de08777899db102e.js?body=1" for ::1 at 2015-05-12 00:17:12 +0900


Started GET "/assets/twitter/bootstrap/popover-2f2e5f49324fecd114c217f1f7fc47fd.js?body=1" for ::1 at 2015-05-12 00:17:12 +0900


Started GET "/assets/twitter/bootstrap/button-59127549c9806f3555ec61f0e9b016fa.js?body=1" for ::1 at 2015-05-12 00:17:12 +0900


Started GET "/assets/turbolinks-90badf70af37371f59d4c5874c1977e8.js?body=1" for ::1 at 2015-05-12 00:17:13 +0900


Started GET "/assets/twitter/bootstrap/carousel-0633bb0a24574c8c7bebd547cc51f117.js?body=1" for ::1 at 2015-05-12 00:17:13 +0900


Started GET "/assets/twitter/bootstrap/collapse-34e70248fb9deee2db4a4610c3bfc853.js?body=1" for ::1 at 2015-05-12 00:17:13 +0900


Started GET "/assets/twitter/bootstrap/affix-73b32779f0b2066380011d862157905b.js?body=1" for ::1 at 2015-05-12 00:17:13 +0900


Started GET "/assets/bootstrap-828f17ab3c1dc9101ec885b5a3f49444.js?body=1" for ::1 at 2015-05-12 00:17:13 +0900


Started GET "/assets/twitter/bootstrap-109723c26f12f61bf655c1011495f1e2.js?body=1" for ::1 at 2015-05-12 00:17:13 +0900


Started GET "/assets/mining/text-03baac6fc9965b03f2e073d0f1be4595.js?body=1" for ::1 at 2015-05-12 00:17:13 +0900


Started GET "/assets/application-61b126ccc0bce6bd2558b26c56107e3e.js?body=1" for ::1 at 2015-05-12 00:17:13 +0900
